<?xml version="1.0" encoding="UTF-8"?>
<testng-results ignored="0" total="8" passed="8" failed="0" skipped="0">
  <reporter-output>
  </reporter-output>
  <suite started-at="2022-06-05T11:35:34Z" name="Jupiter Test Automation Test Suite" finished-at="2022-06-05T11:36:32Z" duration-ms="57943">
    <groups>
    </groups>
    <test started-at="2022-06-05T11:35:34Z" name="Jupiter Test Cases" finished-at="2022-06-05T11:36:32Z" duration-ms="57943">
      <class name="com.jupiter.qa.testcases.TestCases_Jupiter">
        <test-method is-config="true" signature="setUp()[pri:0, instance:com.jupiter.qa.testcases.TestCases_Jupiter@60611244]" started-at="2022-06-05T17:05:34Z" name="setUp" finished-at="2022-06-05T17:05:44Z" duration-ms="9506" status="PASS">
          <reporter-output>
          </reporter-output>
        </test-method> <!-- setUp -->
        <test-method signature="navigateToContractPageAndValidatePageTitle(java.lang.String, java.lang.String, java.lang.String)[pri:1, instance:com.jupiter.qa.testcases.TestCases_Jupiter@60611244]" started-at="2022-06-05T17:05:44Z" name="navigateToContractPageAndValidatePageTitle" data-provider="formData" finished-at="2022-06-05T17:05:57Z" duration-ms="13795" status="PASS">
          <params>
            <param index="0">
              <value>
                <![CDATA[Tom]]>
              </value>
            </param>
            <param index="1">
              <value>
                <![CDATA[tom@jupiter.com]]>
              </value>
            </param>
            <param index="2">
              <value>
                <![CDATA[Jupiter Toys]]>
              </value>
            </param>
          </params>
          <reporter-output>
          </reporter-output>
        </test-method> <!-- navigateToContractPageAndValidatePageTitle -->
        <test-method signature="successfully_Submit_Contact_Form_With_Mandatory_Fields(java.lang.String, java.lang.String, java.lang.String)[pri:2, instance:com.jupiter.qa.testcases.TestCases_Jupiter@60611244]" started-at="2022-06-05T17:05:57Z" name="successfully_Submit_Contact_Form_With_Mandatory_Fields" finished-at="2022-06-05T17:05:59Z" duration-ms="1970" status="PASS">
          <params>
            <param index="0">
              <value>
                <![CDATA[Tom]]>
              </value>
            </param>
            <param index="1">
              <value>
                <![CDATA[tom@jupiter.com]]>
              </value>
            </param>
            <param index="2">
              <value>
                <![CDATA[Jupiter Toys]]>
              </value>
            </param>
          </params>
          <reporter-output>
          </reporter-output>
        </test-method> <!-- successfully_Submit_Contact_Form_With_Mandatory_Fields -->
        <test-method signature="successfully_Submit_Contact_Form_With_Mandatory_Fields(java.lang.String, java.lang.String, java.lang.String)[pri:2, instance:com.jupiter.qa.testcases.TestCases_Jupiter@60611244]" started-at="2022-06-05T17:05:59Z" name="successfully_Submit_Contact_Form_With_Mandatory_Fields" finished-at="2022-06-05T17:06:02Z" duration-ms="2158" status="PASS">
          <params>
            <param index="0">
              <value>
                <![CDATA[Tom]]>
              </value>
            </param>
            <param index="1">
              <value>
                <![CDATA[tom@jupiter.com]]>
              </value>
            </param>
            <param index="2">
              <value>
                <![CDATA[Jupiter Toys]]>
              </value>
            </param>
          </params>
          <reporter-output>
          </reporter-output>
        </test-method> <!-- successfully_Submit_Contact_Form_With_Mandatory_Fields -->
        <test-method signature="successfully_Submit_Contact_Form_With_Mandatory_Fields(java.lang.String, java.lang.String, java.lang.String)[pri:2, instance:com.jupiter.qa.testcases.TestCases_Jupiter@60611244]" started-at="2022-06-05T17:06:02Z" name="successfully_Submit_Contact_Form_With_Mandatory_Fields" finished-at="2022-06-05T17:06:09Z" duration-ms="7862" status="PASS">
          <params>
            <param index="0">
              <value>
                <![CDATA[Tom]]>
              </value>
            </param>
            <param index="1">
              <value>
                <![CDATA[tom@jupiter.com]]>
              </value>
            </param>
            <param index="2">
              <value>
                <![CDATA[Jupiter Toys]]>
              </value>
            </param>
          </params>
          <reporter-output>
          </reporter-output>
        </test-method> <!-- successfully_Submit_Contact_Form_With_Mandatory_Fields -->
        <test-method signature="successfully_Submit_Contact_Form_With_Mandatory_Fields(java.lang.String, java.lang.String, java.lang.String)[pri:2, instance:com.jupiter.qa.testcases.TestCases_Jupiter@60611244]" started-at="2022-06-05T17:06:09Z" name="successfully_Submit_Contact_Form_With_Mandatory_Fields" finished-at="2022-06-05T17:06:13Z" duration-ms="3312" status="PASS">
          <params>
            <param index="0">
              <value>
                <![CDATA[Tom]]>
              </value>
            </param>
            <param index="1">
              <value>
                <![CDATA[tom@jupiter.com]]>
              </value>
            </param>
            <param index="2">
              <value>
                <![CDATA[Jupiter Toys]]>
              </value>
            </param>
          </params>
          <reporter-output>
          </reporter-output>
        </test-method> <!-- successfully_Submit_Contact_Form_With_Mandatory_Fields -->
        <test-method signature="successfully_Submit_Contact_Form_With_Mandatory_Fields(java.lang.String, java.lang.String, java.lang.String)[pri:2, instance:com.jupiter.qa.testcases.TestCases_Jupiter@60611244]" started-at="2022-06-05T17:06:13Z" name="successfully_Submit_Contact_Form_With_Mandatory_Fields" finished-at="2022-06-05T17:06:25Z" duration-ms="12515" status="PASS">
          <params>
            <param index="0">
              <value>
                <![CDATA[Tom]]>
              </value>
            </param>
            <param index="1">
              <value>
                <![CDATA[tom@jupiter.com]]>
              </value>
            </param>
            <param index="2">
              <value>
                <![CDATA[Jupiter Toys]]>
              </value>
            </param>
          </params>
          <reporter-output>
          </reporter-output>
        </test-method> <!-- successfully_Submit_Contact_Form_With_Mandatory_Fields -->
        <test-method signature="add_Items_To_Cart_And_Verify_The_Items_In_Cart(java.lang.String, java.lang.String, java.lang.String, java.lang.String)[pri:3, instance:com.jupiter.qa.testcases.TestCases_Jupiter@60611244]" started-at="2022-06-05T17:06:25Z" name="add_Items_To_Cart_And_Verify_The_Items_In_Cart" finished-at="2022-06-05T17:06:29Z" duration-ms="3565" status="PASS">
          <params>
            <param index="0">
              <value>
                <![CDATA[Funny Cow]]>
              </value>
            </param>
            <param index="1">
              <value>
                <![CDATA[Fluffy Bunny]]>
              </value>
            </param>
            <param index="2">
              <value>
                <![CDATA[2]]>
              </value>
            </param>
            <param index="3">
              <value>
                <![CDATA[1]]>
              </value>
            </param>
          </params>
          <reporter-output>
          </reporter-output>
        </test-method> <!-- add_Items_To_Cart_And_Verify_The_Items_In_Cart -->
        <test-method signature="validate_calculations_of_prices_In_Cart(java.lang.String, java.lang.String, java.lang.String, java.lang.String, java.lang.String, java.lang.String)[pri:4, instance:com.jupiter.qa.testcases.TestCases_Jupiter@60611244]" started-at="2022-06-05T17:06:29Z" name="validate_calculations_of_prices_In_Cart" finished-at="2022-06-05T17:06:31Z" duration-ms="1785" status="PASS">
          <params>
            <param index="0">
              <value>
                <![CDATA[Stuffed Frog]]>
              </value>
            </param>
            <param index="1">
              <value>
                <![CDATA[Fluffy Bunny]]>
              </value>
            </param>
            <param index="2">
              <value>
                <![CDATA[Valentine Bear]]>
              </value>
            </param>
            <param index="3">
              <value>
                <![CDATA[2]]>
              </value>
            </param>
            <param index="4">
              <value>
                <![CDATA[5]]>
              </value>
            </param>
            <param index="5">
              <value>
                <![CDATA[3]]>
              </value>
            </param>
          </params>
          <reporter-output>
          </reporter-output>
        </test-method> <!-- validate_calculations_of_prices_In_Cart -->
        <test-method is-config="true" signature="tearDown()[pri:0, instance:com.jupiter.qa.testcases.TestCases_Jupiter@60611244]" started-at="2022-06-05T17:06:31Z" name="tearDown" finished-at="2022-06-05T17:06:32Z" duration-ms="1440" status="PASS">
          <reporter-output>
          </reporter-output>
        </test-method> <!-- tearDown -->
      </class> <!-- com.jupiter.qa.testcases.TestCases_Jupiter -->
    </test> <!-- Jupiter Test Cases -->
  </suite> <!-- Jupiter Test Automation Test Suite -->
</testng-results>
